<?xml version="1.0" encoding="UTF-8"?>
<testng-results ignored="0" total="1" passed="1" failed="0" skipped="0">
  <reporter-output>
  </reporter-output>
  <suite started-at="2019-12-31T06:26:27Z" name="Suite" finished-at="2019-12-31T06:26:33Z" duration-ms="5357">
    <groups>
    </groups>
    <test started-at="2019-12-31T06:26:27Z" name="Test" finished-at="2019-12-31T06:26:33Z" duration-ms="5357">
      <class name="com.rameshsoft.auto.scripts.GmailTest">
        <test-method is-config="true" signature="openBrowser(java.lang.String)[pri:0, instance:com.rameshsoft.auto.scripts.GmailTest@55536d9e]" started-at="2019-12-31T06:26:16Z" name="openBrowser" finished-at="2019-12-31T06:26:27Z" duration-ms="11105" status="PASS">
          <params>
            <param index="0">
              <value>
                <![CDATA[chrome]]>
              </value>
            </param>
          </params>
          <reporter-output>
          </reporter-output>
        </test-method> <!-- openBrowser -->
        <test-method is-config="true" signature="initextnt()[pri:0, instance:com.rameshsoft.auto.scripts.GmailTest@55536d9e]" started-at="2019-12-31T06:26:27Z" name="initextnt" finished-at="2019-12-31T06:26:28Z" duration-ms="546" status="PASS">
          <reporter-output>
          </reporter-output>
        </test-method> <!-- initextnt -->
        <test-method is-config="true" signature="startRepo(java.lang.reflect.Method)[pri:0, instance:com.rameshsoft.auto.scripts.GmailTest@55536d9e]" started-at="2019-12-31T06:26:28Z" name="startRepo" finished-at="2019-12-31T06:26:28Z" duration-ms="0" status="PASS">
          <params>
            <param index="0">
              <value>
                <![CDATA[public void com.rameshsoft.auto.scripts.GmailTest.FbTest()]]>
              </value>
            </param>
          </params>
          <reporter-output>
          </reporter-output>
        </test-method> <!-- startRepo -->
        <test-method signature="FbTest()[pri:0, instance:com.rameshsoft.auto.scripts.GmailTest@55536d9e]" started-at="2019-12-31T06:26:28Z" name="FbTest" finished-at="2019-12-31T06:26:32Z" duration-ms="4164" status="PASS">
          <reporter-output>
          </reporter-output>
        </test-method> <!-- FbTest -->
        <test-method is-config="true" signature="endReport()[pri:0, instance:com.rameshsoft.auto.scripts.GmailTest@55536d9e]" started-at="2019-12-31T06:26:32Z" name="endReport" finished-at="2019-12-31T06:26:33Z" duration-ms="616" status="PASS">
          <reporter-output>
          </reporter-output>
        </test-method> <!-- endReport -->
      </class> <!-- com.rameshsoft.auto.scripts.GmailTest -->
    </test> <!-- Test -->
  </suite> <!-- Suite -->
</testng-results>
